<?xml version="1.0" encoding="UTF-8"?>
<!-- Generated by org.testng.reporters.JUnitReportReporter -->
<testsuite hostname="Sandeep" failures="0" tests="1" name="Testcases.Testcase2" time="13.313" errors="0" timestamp="2024-05-10T08:01:56 IST" skipped="0">
  <testcase classname="Testcases.Testcase2" name="testcase" time="13.313"/>
  <system-out/>
</testsuite> <!-- Testcases.Testcase2 -->
