<?xml version="1.0" encoding="UTF-8"?>
<!-- Generated by org.testng.reporters.JUnitReportReporter -->
<testsuite hostname="Sandeep" failures="0" tests="1" name="Testcases.Testcase1" time="116.171" errors="0" timestamp="2024-05-10T08:13:34 IST" skipped="0">
  <testcase classname="Testcases.Testcase1" name="testcase" time="116.171"/>
  <system-out/>
</testsuite> <!-- Testcases.Testcase1 -->
